<?xml version="1.0" encoding="UTF-8"?>
<testsuite xmlns:xsi="http://www.w3.org/2001/XMLSchema-instance" xsi:noNamespaceSchemaLocation="https://maven.apache.org/surefire/maven-surefire-plugin/xsd/surefire-test-report.xsd" name="com.heima.AppTest" time="0.002" tests="1" errors="0" skipped="0" failures="0">
  <properties>
    <property name="sun.desktop" value="windows"/>
    <property name="awt.toolkit" value="sun.awt.windows.WToolkit"/>
    <property name="file.encoding.pkg" value="sun.io"/>
    <property name="java.specification.version" value="1.8"/>
    <property name="sun.cpu.isalist" value="amd64"/>
    <property name="sun.jnu.encoding" value="GBK"/>
    <property name="java.class.path" value="D:\leadnews\heima-leadnews\heima-leadnews-gateway\leadnews-admin-gateway\target\test-classes;D:\leadnews\heima-leadnews\heima-leadnews-gateway\leadnews-admin-gateway\target\classes;D:\leadnews_maven\respository_new\junit\junit\3.8.1\junit-3.8.1.jar;D:\leadnews_maven\respository_new\org\springframework\cloud\spring-cloud-starter-gateway\2.2.7.RELEASE\spring-cloud-starter-gateway-2.2.7.RELEASE.jar;D:\leadnews_maven\respository_new\org\springframework\cloud\spring-cloud-starter\2.2.7.RELEASE\spring-cloud-starter-2.2.7.RELEASE.jar;D:\leadnews_maven\respository_new\org\springframework\boot\spring-boot-starter\2.3.9.RELEASE\spring-boot-starter-2.3.9.RELEASE.jar;D:\leadnews_maven\respository_new\org\springframework\boot\spring-boot\2.3.9.RELEASE\spring-boot-2.3.9.RELEASE.jar;D:\leadnews_maven\respository_new\org\springframework\spring-context\5.2.13.RELEASE\spring-context-5.2.13.RELEASE.jar;D:\leadnews_maven\respository_new\org\springframework\spring-aop\5.2.13.RELEASE\spring-aop-5.2.13.RELEASE.jar;D:\leadnews_maven\respository_new\org\springframework\spring-expression\5.2.13.RELEASE\spring-expression-5.2.13.RELEASE.jar;D:\leadnews_maven\respository_new\org\springframework\boot\spring-boot-autoconfigure\2.3.9.RELEASE\spring-boot-autoconfigure-2.3.9.RELEASE.jar;D:\leadnews_maven\respository_new\jakarta\annotation\jakarta.annotation-api\1.3.5\jakarta.annotation-api-1.3.5.jar;D:\leadnews_maven\respository_new\org\springframework\spring-core\5.2.13.RELEASE\spring-core-5.2.13.RELEASE.jar;D:\leadnews_maven\respository_new\org\springframework\spring-jcl\5.2.13.RELEASE\spring-jcl-5.2.13.RELEASE.jar;D:\leadnews_maven\respository_new\org\springframework\security\spring-security-rsa\1.0.9.RELEASE\spring-security-rsa-1.0.9.RELEASE.jar;D:\leadnews_maven\respository_new\org\bouncycastle\bcpkix-jdk15on\1.64\bcpkix-jdk15on-1.64.jar;D:\leadnews_maven\respository_new\org\bouncycastle\bcprov-jdk15on\1.64\bcprov-jdk15on-1.64.jar;D:\leadnews_maven\respository_new\org\springframework\cloud\spring-cloud-gateway-server\2.2.7.RELEASE\spring-cloud-gateway-server-2.2.7.RELEASE.jar;D:\leadnews_maven\respository_new\org\springframework\boot\spring-boot-starter-validation\2.3.9.RELEASE\spring-boot-starter-validation-2.3.9.RELEASE.jar;D:\leadnews_maven\respository_new\org\glassfish\jakarta.el\3.0.3\jakarta.el-3.0.3.jar;D:\leadnews_maven\respository_new\org\hibernate\validator\hibernate-validator\6.1.7.Final\hibernate-validator-6.1.7.Final.jar;D:\leadnews_maven\respository_new\jakarta\validation\jakarta.validation-api\2.0.2\jakarta.validation-api-2.0.2.jar;D:\leadnews_maven\respository_new\org\jboss\logging\jboss-logging\3.4.1.Final\jboss-logging-3.4.1.Final.jar;D:\leadnews_maven\respository_new\com\fasterxml\classmate\1.5.1\classmate-1.5.1.jar;D:\leadnews_maven\respository_new\io\projectreactor\addons\reactor-extra\3.3.5.RELEASE\reactor-extra-3.3.5.RELEASE.jar;D:\leadnews_maven\respository_new\io\projectreactor\reactor-core\3.3.14.RELEASE\reactor-core-3.3.14.RELEASE.jar;D:\leadnews_maven\respository_new\org\reactivestreams\reactive-streams\1.0.3\reactive-streams-1.0.3.jar;D:\leadnews_maven\respository_new\org\springframework\boot\spring-boot-starter-webflux\2.3.9.RELEASE\spring-boot-starter-webflux-2.3.9.RELEASE.jar;D:\leadnews_maven\respository_new\org\springframework\boot\spring-boot-starter-json\2.3.9.RELEASE\spring-boot-starter-json-2.3.9.RELEASE.jar;D:\leadnews_maven\respository_new\com\fasterxml\jackson\datatype\jackson-datatype-jdk8\2.11.4\jackson-datatype-jdk8-2.11.4.jar;D:\leadnews_maven\respository_new\com\fasterxml\jackson\datatype\jackson-datatype-jsr310\2.11.4\jackson-datatype-jsr310-2.11.4.jar;D:\leadnews_maven\respository_new\com\fasterxml\jackson\module\jackson-module-parameter-names\2.11.4\jackson-module-parameter-names-2.11.4.jar;D:\leadnews_maven\respository_new\org\springframework\boot\spring-boot-starter-reactor-netty\2.3.9.RELEASE\spring-boot-starter-reactor-netty-2.3.9.RELEASE.jar;D:\leadnews_maven\respository_new\io\projectreactor\netty\reactor-netty\0.9.17.RELEASE\reactor-netty-0.9.17.RELEASE.jar;D:\leadnews_maven\respository_new\io\netty\netty-codec-http\4.1.59.Final\netty-codec-http-4.1.59.Final.jar;D:\leadnews_maven\respository_new\io\netty\netty-common\4.1.59.Final\netty-common-4.1.59.Final.jar;D:\leadnews_maven\respository_new\io\netty\netty-buffer\4.1.59.Final\netty-buffer-4.1.59.Final.jar;D:\leadnews_maven\respository_new\io\netty\netty-transport\4.1.59.Final\netty-transport-4.1.59.Final.jar;D:\leadnews_maven\respository_new\io\netty\netty-codec\4.1.59.Final\netty-codec-4.1.59.Final.jar;D:\leadnews_maven\respository_new\io\netty\netty-codec-http2\4.1.59.Final\netty-codec-http2-4.1.59.Final.jar;D:\leadnews_maven\respository_new\io\netty\netty-handler\4.1.59.Final\netty-handler-4.1.59.Final.jar;D:\leadnews_maven\respository_new\io\netty\netty-resolver\4.1.59.Final\netty-resolver-4.1.59.Final.jar;D:\leadnews_maven\respository_new\io\netty\netty-handler-proxy\4.1.59.Final\netty-handler-proxy-4.1.59.Final.jar;D:\leadnews_maven\respository_new\io\netty\netty-codec-socks\4.1.59.Final\netty-codec-socks-4.1.59.Final.jar;D:\leadnews_maven\respository_new\io\netty\netty-transport-native-epoll\4.1.59.Final\netty-transport-native-epoll-4.1.59.Final-linux-x86_64.jar;D:\leadnews_maven\respository_new\io\netty\netty-transport-native-unix-common\4.1.59.Final\netty-transport-native-unix-common-4.1.59.Final.jar;D:\leadnews_maven\respository_new\org\springframework\spring-web\5.2.13.RELEASE\spring-web-5.2.13.RELEASE.jar;D:\leadnews_maven\respository_new\org\springframework\spring-beans\5.2.13.RELEASE\spring-beans-5.2.13.RELEASE.jar;D:\leadnews_maven\respository_new\org\springframework\spring-webflux\5.2.13.RELEASE\spring-webflux-5.2.13.RELEASE.jar;D:\leadnews_maven\respository_new\org\synchronoss\cloud\nio-multipart-parser\1.1.0\nio-multipart-parser-1.1.0.jar;D:\leadnews_maven\respository_new\org\synchronoss\cloud\nio-stream-storage\1.1.3\nio-stream-storage-1.1.3.jar;D:\leadnews_maven\respository_new\com\alibaba\cloud\spring-cloud-starter-alibaba-nacos-discovery\2.2.5.RELEASE\spring-cloud-starter-alibaba-nacos-discovery-2.2.5.RELEASE.jar;D:\leadnews_maven\respository_new\com\alibaba\cloud\spring-cloud-alibaba-commons\2.2.5.RELEASE\spring-cloud-alibaba-commons-2.2.5.RELEASE.jar;D:\leadnews_maven\respository_new\com\alibaba\nacos\nacos-client\1.4.1\nacos-client-1.4.1.jar;D:\leadnews_maven\respository_new\com\alibaba\nacos\nacos-common\1.4.1\nacos-common-1.4.1.jar;D:\leadnews_maven\respository_new\commons-io\commons-io\2.6\commons-io-2.6.jar;D:\leadnews_maven\respository_new\org\apache\httpcomponents\httpasyncclient\4.1.4\httpasyncclient-4.1.4.jar;D:\leadnews_maven\respository_new\org\apache\httpcomponents\httpcore\4.4.14\httpcore-4.4.14.jar;D:\leadnews_maven\respository_new\org\apache\httpcomponents\httpcore-nio\4.4.14\httpcore-nio-4.4.14.jar;D:\leadnews_maven\respository_new\com\alibaba\nacos\nacos-api\1.4.1\nacos-api-1.4.1.jar;D:\leadnews_maven\respository_new\com\google\guava\guava\29.0-jre\guava-29.0-jre.jar;D:\leadnews_maven\respository_new\com\google\guava\failureaccess\1.0.1\failureaccess-1.0.1.jar;D:\leadnews_maven\respository_new\com\google\guava\listenablefuture\9999.0-empty-to-avoid-conflict-with-guava\listenablefuture-9999.0-empty-to-avoid-conflict-with-guava.jar;D:\leadnews_maven\respository_new\com\google\code\findbugs\jsr305\3.0.2\jsr305-3.0.2.jar;D:\leadnews_maven\respository_new\org\checkerframework\checker-qual\2.11.1\checker-qual-2.11.1.jar;D:\leadnews_maven\respository_new\com\google\errorprone\error_prone_annotations\2.3.4\error_prone_annotations-2.3.4.jar;D:\leadnews_maven\respository_new\com\google\j2objc\j2objc-annotations\1.3\j2objc-annotations-1.3.jar;D:\leadnews_maven\respository_new\commons-codec\commons-codec\1.12\commons-codec-1.12.jar;D:\leadnews_maven\respository_new\com\fasterxml\jackson\core\jackson-core\2.11.4\jackson-core-2.11.4.jar;D:\leadnews_maven\respository_new\io\prometheus\simpleclient\0.5.0\simpleclient-0.5.0.jar;D:\leadnews_maven\respository_new\org\yaml\snakeyaml\1.26\snakeyaml-1.26.jar;D:\leadnews_maven\respository_new\com\alibaba\spring\spring-context-support\1.0.10\spring-context-support-1.0.10.jar;D:\leadnews_maven\respository_new\org\springframework\cloud\spring-cloud-commons\2.2.7.RELEASE\spring-cloud-commons-2.2.7.RELEASE.jar;D:\leadnews_maven\respository_new\org\springframework\security\spring-security-crypto\5.3.8.RELEASE\spring-security-crypto-5.3.8.RELEASE.jar;D:\leadnews_maven\respository_new\org\springframework\cloud\spring-cloud-context\2.2.7.RELEASE\spring-cloud-context-2.2.7.RELEASE.jar;D:\leadnews_maven\respository_new\org\springframework\cloud\spring-cloud-starter-netflix-ribbon\2.2.7.RELEASE\spring-cloud-starter-netflix-ribbon-2.2.7.RELEASE.jar;D:\leadnews_maven\respository_new\org\springframework\cloud\spring-cloud-netflix-ribbon\2.2.7.RELEASE\spring-cloud-netflix-ribbon-2.2.7.RELEASE.jar;D:\leadnews_maven\respository_new\org\springframework\cloud\spring-cloud-netflix-archaius\2.2.7.RELEASE\spring-cloud-netflix-archaius-2.2.7.RELEASE.jar;D:\leadnews_maven\respository_new\org\springframework\cloud\spring-cloud-starter-netflix-archaius\2.2.7.RELEASE\spring-cloud-starter-netflix-archaius-2.2.7.RELEASE.jar;D:\leadnews_maven\respository_new\com\netflix\archaius\archaius-core\0.7.7\archaius-core-0.7.7.jar;D:\leadnews_maven\respository_new\commons-configuration\commons-configuration\1.8\commons-configuration-1.8.jar;D:\leadnews_maven\respository_new\com\netflix\ribbon\ribbon\2.3.0\ribbon-2.3.0.jar;D:\leadnews_maven\respository_new\com\netflix\ribbon\ribbon-transport\2.3.0\ribbon-transport-2.3.0.jar;D:\leadnews_maven\respository_new\io\reactivex\rxnetty-contexts\0.4.9\rxnetty-contexts-0.4.9.jar;D:\leadnews_maven\respository_new\io\reactivex\rxnetty-servo\0.4.9\rxnetty-servo-0.4.9.jar;D:\leadnews_maven\respository_new\com\netflix\hystrix\hystrix-core\1.5.18\hystrix-core-1.5.18.jar;D:\leadnews_maven\respository_new\org\hdrhistogram\HdrHistogram\2.1.9\HdrHistogram-2.1.9.jar;D:\leadnews_maven\respository_new\javax\inject\javax.inject\1\javax.inject-1.jar;D:\leadnews_maven\respository_new\io\reactivex\rxnetty\0.4.9\rxnetty-0.4.9.jar;D:\leadnews_maven\respository_new\com\netflix\ribbon\ribbon-core\2.3.0\ribbon-core-2.3.0.jar;D:\leadnews_maven\respository_new\commons-lang\commons-lang\2.6\commons-lang-2.6.jar;D:\leadnews_maven\respository_new\com\netflix\ribbon\ribbon-httpclient\2.3.0\ribbon-httpclient-2.3.0.jar;D:\leadnews_maven\respository_new\commons-collections\commons-collections\3.2.2\commons-collections-3.2.2.jar;D:\leadnews_maven\respository_new\org\apache\httpcomponents\httpclient\4.5.13\httpclient-4.5.13.jar;D:\leadnews_maven\respository_new\com\sun\jersey\jersey-client\1.19.1\jersey-client-1.19.1.jar;D:\leadnews_maven\respository_new\com\sun\jersey\jersey-core\1.19.1\jersey-core-1.19.1.jar;D:\leadnews_maven\respository_new\javax\ws\rs\jsr311-api\1.1.1\jsr311-api-1.1.1.jar;D:\leadnews_maven\respository_new\com\sun\jersey\contribs\jersey-apache-client4\1.19.1\jersey-apache-client4-1.19.1.jar;D:\leadnews_maven\respository_new\com\netflix\servo\servo-core\0.12.21\servo-core-0.12.21.jar;D:\leadnews_maven\respository_new\com\netflix\netflix-commons\netflix-commons-util\0.3.0\netflix-commons-util-0.3.0.jar;D:\leadnews_maven\respository_new\com\netflix\ribbon\ribbon-loadbalancer\2.3.0\ribbon-loadbalancer-2.3.0.jar;D:\leadnews_maven\respository_new\com\netflix\netflix-commons\netflix-statistics\0.1.1\netflix-statistics-0.1.1.jar;D:\leadnews_maven\respository_new\io\reactivex\rxjava\1.3.8\rxjava-1.3.8.jar;D:\leadnews_maven\respository_new\com\alibaba\cloud\spring-cloud-starter-alibaba-nacos-config\2.2.5.RELEASE\spring-cloud-starter-alibaba-nacos-config-2.2.5.RELEASE.jar;D:\leadnews_maven\respository_new\io\jsonwebtoken\jjwt\0.9.1\jjwt-0.9.1.jar;D:\leadnews_maven\respository_new\com\fasterxml\jackson\core\jackson-databind\2.11.4\jackson-databind-2.11.4.jar;D:\leadnews_maven\respository_new\com\fasterxml\jackson\core\jackson-annotations\2.11.4\jackson-annotations-2.11.4.jar;D:\leadnews_maven\respository_new\org\springframework\boot\spring-boot-starter-log4j2\2.3.9.RELEASE\spring-boot-starter-log4j2-2.3.9.RELEASE.jar;D:\leadnews_maven\respository_new\org\apache\logging\log4j\log4j-slf4j-impl\2.13.3\log4j-slf4j-impl-2.13.3.jar;D:\leadnews_maven\respository_new\org\slf4j\slf4j-api\1.7.30\slf4j-api-1.7.30.jar;D:\leadnews_maven\respository_new\org\apache\logging\log4j\log4j-api\2.13.3\log4j-api-2.13.3.jar;D:\leadnews_maven\respository_new\org\apache\logging\log4j\log4j-core\2.13.3\log4j-core-2.13.3.jar;D:\leadnews_maven\respository_new\org\apache\logging\log4j\log4j-jul\2.13.3\log4j-jul-2.13.3.jar;D:\leadnews_maven\respository_new\org\slf4j\jul-to-slf4j\1.7.30\jul-to-slf4j-1.7.30.jar;D:\leadnews_maven\respository_new\org\projectlombok\lombok\1.18.8\lombok-1.18.8.jar;"/>
    <property name="java.vm.vendor" value="Oracle Corporation"/>
    <property name="sun.arch.data.model" value="64"/>
    <property name="user.variant" value=""/>
    <property name="java.vendor.url" value="http://java.oracle.com/"/>
    <property name="user.timezone" value="Asia/Shanghai"/>
    <property name="java.vm.specification.version" value="1.8"/>
    <property name="os.name" value="Windows 10"/>
    <property name="user.country" value="CN"/>
    <property name="sun.java.launcher" value="SUN_STANDARD"/>
    <property name="sun.boot.library.path" value="C:\jdk8\jre\bin"/>
    <property name="sun.java.command" value="C:\Users\65780\AppData\Local\Temp\surefire6325745582721428475\surefirebooter6228445985416766959.jar C:\Users\65780\AppData\Local\Temp\surefire6325745582721428475 2024-02-28T16-44-00_462-jvmRun1 surefire7345487317292190438tmp surefire_07615134181127977233tmp"/>
    <property name="surefire.test.class.path" value="D:\leadnews\heima-leadnews\heima-leadnews-gateway\leadnews-admin-gateway\target\test-classes;D:\leadnews\heima-leadnews\heima-leadnews-gateway\leadnews-admin-gateway\target\classes;D:\leadnews_maven\respository_new\junit\junit\3.8.1\junit-3.8.1.jar;D:\leadnews_maven\respository_new\org\springframework\cloud\spring-cloud-starter-gateway\2.2.7.RELEASE\spring-cloud-starter-gateway-2.2.7.RELEASE.jar;D:\leadnews_maven\respository_new\org\springframework\cloud\spring-cloud-starter\2.2.7.RELEASE\spring-cloud-starter-2.2.7.RELEASE.jar;D:\leadnews_maven\respository_new\org\springframework\boot\spring-boot-starter\2.3.9.RELEASE\spring-boot-starter-2.3.9.RELEASE.jar;D:\leadnews_maven\respository_new\org\springframework\boot\spring-boot\2.3.9.RELEASE\spring-boot-2.3.9.RELEASE.jar;D:\leadnews_maven\respository_new\org\springframework\spring-context\5.2.13.RELEASE\spring-context-5.2.13.RELEASE.jar;D:\leadnews_maven\respository_new\org\springframework\spring-aop\5.2.13.RELEASE\spring-aop-5.2.13.RELEASE.jar;D:\leadnews_maven\respository_new\org\springframework\spring-expression\5.2.13.RELEASE\spring-expression-5.2.13.RELEASE.jar;D:\leadnews_maven\respository_new\org\springframework\boot\spring-boot-autoconfigure\2.3.9.RELEASE\spring-boot-autoconfigure-2.3.9.RELEASE.jar;D:\leadnews_maven\respository_new\jakarta\annotation\jakarta.annotation-api\1.3.5\jakarta.annotation-api-1.3.5.jar;D:\leadnews_maven\respository_new\org\springframework\spring-core\5.2.13.RELEASE\spring-core-5.2.13.RELEASE.jar;D:\leadnews_maven\respository_new\org\springframework\spring-jcl\5.2.13.RELEASE\spring-jcl-5.2.13.RELEASE.jar;D:\leadnews_maven\respository_new\org\springframework\security\spring-security-rsa\1.0.9.RELEASE\spring-security-rsa-1.0.9.RELEASE.jar;D:\leadnews_maven\respository_new\org\bouncycastle\bcpkix-jdk15on\1.64\bcpkix-jdk15on-1.64.jar;D:\leadnews_maven\respository_new\org\bouncycastle\bcprov-jdk15on\1.64\bcprov-jdk15on-1.64.jar;D:\leadnews_maven\respository_new\org\springframework\cloud\spring-cloud-gateway-server\2.2.7.RELEASE\spring-cloud-gateway-server-2.2.7.RELEASE.jar;D:\leadnews_maven\respository_new\org\springframework\boot\spring-boot-starter-validation\2.3.9.RELEASE\spring-boot-starter-validation-2.3.9.RELEASE.jar;D:\leadnews_maven\respository_new\org\glassfish\jakarta.el\3.0.3\jakarta.el-3.0.3.jar;D:\leadnews_maven\respository_new\org\hibernate\validator\hibernate-validator\6.1.7.Final\hibernate-validator-6.1.7.Final.jar;D:\leadnews_maven\respository_new\jakarta\validation\jakarta.validation-api\2.0.2\jakarta.validation-api-2.0.2.jar;D:\leadnews_maven\respository_new\org\jboss\logging\jboss-logging\3.4.1.Final\jboss-logging-3.4.1.Final.jar;D:\leadnews_maven\respository_new\com\fasterxml\classmate\1.5.1\classmate-1.5.1.jar;D:\leadnews_maven\respository_new\io\projectreactor\addons\reactor-extra\3.3.5.RELEASE\reactor-extra-3.3.5.RELEASE.jar;D:\leadnews_maven\respository_new\io\projectreactor\reactor-core\3.3.14.RELEASE\reactor-core-3.3.14.RELEASE.jar;D:\leadnews_maven\respository_new\org\reactivestreams\reactive-streams\1.0.3\reactive-streams-1.0.3.jar;D:\leadnews_maven\respository_new\org\springframework\boot\spring-boot-starter-webflux\2.3.9.RELEASE\spring-boot-starter-webflux-2.3.9.RELEASE.jar;D:\leadnews_maven\respository_new\org\springframework\boot\spring-boot-starter-json\2.3.9.RELEASE\spring-boot-starter-json-2.3.9.RELEASE.jar;D:\leadnews_maven\respository_new\com\fasterxml\jackson\datatype\jackson-datatype-jdk8\2.11.4\jackson-datatype-jdk8-2.11.4.jar;D:\leadnews_maven\respository_new\com\fasterxml\jackson\datatype\jackson-datatype-jsr310\2.11.4\jackson-datatype-jsr310-2.11.4.jar;D:\leadnews_maven\respository_new\com\fasterxml\jackson\module\jackson-module-parameter-names\2.11.4\jackson-module-parameter-names-2.11.4.jar;D:\leadnews_maven\respository_new\org\springframework\boot\spring-boot-starter-reactor-netty\2.3.9.RELEASE\spring-boot-starter-reactor-netty-2.3.9.RELEASE.jar;D:\leadnews_maven\respository_new\io\projectreactor\netty\reactor-netty\0.9.17.RELEASE\reactor-netty-0.9.17.RELEASE.jar;D:\leadnews_maven\respository_new\io\netty\netty-codec-http\4.1.59.Final\netty-codec-http-4.1.59.Final.jar;D:\leadnews_maven\respository_new\io\netty\netty-common\4.1.59.Final\netty-common-4.1.59.Final.jar;D:\leadnews_maven\respository_new\io\netty\netty-buffer\4.1.59.Final\netty-buffer-4.1.59.Final.jar;D:\leadnews_maven\respository_new\io\netty\netty-transport\4.1.59.Final\netty-transport-4.1.59.Final.jar;D:\leadnews_maven\respository_new\io\netty\netty-codec\4.1.59.Final\netty-codec-4.1.59.Final.jar;D:\leadnews_maven\respository_new\io\netty\netty-codec-http2\4.1.59.Final\netty-codec-http2-4.1.59.Final.jar;D:\leadnews_maven\respository_new\io\netty\netty-handler\4.1.59.Final\netty-handler-4.1.59.Final.jar;D:\leadnews_maven\respository_new\io\netty\netty-resolver\4.1.59.Final\netty-resolver-4.1.59.Final.jar;D:\leadnews_maven\respository_new\io\netty\netty-handler-proxy\4.1.59.Final\netty-handler-proxy-4.1.59.Final.jar;D:\leadnews_maven\respository_new\io\netty\netty-codec-socks\4.1.59.Final\netty-codec-socks-4.1.59.Final.jar;D:\leadnews_maven\respository_new\io\netty\netty-transport-native-epoll\4.1.59.Final\netty-transport-native-epoll-4.1.59.Final-linux-x86_64.jar;D:\leadnews_maven\respository_new\io\netty\netty-transport-native-unix-common\4.1.59.Final\netty-transport-native-unix-common-4.1.59.Final.jar;D:\leadnews_maven\respository_new\org\springframework\spring-web\5.2.13.RELEASE\spring-web-5.2.13.RELEASE.jar;D:\leadnews_maven\respository_new\org\springframework\spring-beans\5.2.13.RELEASE\spring-beans-5.2.13.RELEASE.jar;D:\leadnews_maven\respository_new\org\springframework\spring-webflux\5.2.13.RELEASE\spring-webflux-5.2.13.RELEASE.jar;D:\leadnews_maven\respository_new\org\synchronoss\cloud\nio-multipart-parser\1.1.0\nio-multipart-parser-1.1.0.jar;D:\leadnews_maven\respository_new\org\synchronoss\cloud\nio-stream-storage\1.1.3\nio-stream-storage-1.1.3.jar;D:\leadnews_maven\respository_new\com\alibaba\cloud\spring-cloud-starter-alibaba-nacos-discovery\2.2.5.RELEASE\spring-cloud-starter-alibaba-nacos-discovery-2.2.5.RELEASE.jar;D:\leadnews_maven\respository_new\com\alibaba\cloud\spring-cloud-alibaba-commons\2.2.5.RELEASE\spring-cloud-alibaba-commons-2.2.5.RELEASE.jar;D:\leadnews_maven\respository_new\com\alibaba\nacos\nacos-client\1.4.1\nacos-client-1.4.1.jar;D:\leadnews_maven\respository_new\com\alibaba\nacos\nacos-common\1.4.1\nacos-common-1.4.1.jar;D:\leadnews_maven\respository_new\commons-io\commons-io\2.6\commons-io-2.6.jar;D:\leadnews_maven\respository_new\org\apache\httpcomponents\httpasyncclient\4.1.4\httpasyncclient-4.1.4.jar;D:\leadnews_maven\respository_new\org\apache\httpcomponents\httpcore\4.4.14\httpcore-4.4.14.jar;D:\leadnews_maven\respository_new\org\apache\httpcomponents\httpcore-nio\4.4.14\httpcore-nio-4.4.14.jar;D:\leadnews_maven\respository_new\com\alibaba\nacos\nacos-api\1.4.1\nacos-api-1.4.1.jar;D:\leadnews_maven\respository_new\com\google\guava\guava\29.0-jre\guava-29.0-jre.jar;D:\leadnews_maven\respository_new\com\google\guava\failureaccess\1.0.1\failureaccess-1.0.1.jar;D:\leadnews_maven\respository_new\com\google\guava\listenablefuture\9999.0-empty-to-avoid-conflict-with-guava\listenablefuture-9999.0-empty-to-avoid-conflict-with-guava.jar;D:\leadnews_maven\respository_new\com\google\code\findbugs\jsr305\3.0.2\jsr305-3.0.2.jar;D:\leadnews_maven\respository_new\org\checkerframework\checker-qual\2.11.1\checker-qual-2.11.1.jar;D:\leadnews_maven\respository_new\com\google\errorprone\error_prone_annotations\2.3.4\error_prone_annotations-2.3.4.jar;D:\leadnews_maven\respository_new\com\google\j2objc\j2objc-annotations\1.3\j2objc-annotations-1.3.jar;D:\leadnews_maven\respository_new\commons-codec\commons-codec\1.12\commons-codec-1.12.jar;D:\leadnews_maven\respository_new\com\fasterxml\jackson\core\jackson-core\2.11.4\jackson-core-2.11.4.jar;D:\leadnews_maven\respository_new\io\prometheus\simpleclient\0.5.0\simpleclient-0.5.0.jar;D:\leadnews_maven\respository_new\org\yaml\snakeyaml\1.26\snakeyaml-1.26.jar;D:\leadnews_maven\respository_new\com\alibaba\spring\spring-context-support\1.0.10\spring-context-support-1.0.10.jar;D:\leadnews_maven\respository_new\org\springframework\cloud\spring-cloud-commons\2.2.7.RELEASE\spring-cloud-commons-2.2.7.RELEASE.jar;D:\leadnews_maven\respository_new\org\springframework\security\spring-security-crypto\5.3.8.RELEASE\spring-security-crypto-5.3.8.RELEASE.jar;D:\leadnews_maven\respository_new\org\springframework\cloud\spring-cloud-context\2.2.7.RELEASE\spring-cloud-context-2.2.7.RELEASE.jar;D:\leadnews_maven\respository_new\org\springframework\cloud\spring-cloud-starter-netflix-ribbon\2.2.7.RELEASE\spring-cloud-starter-netflix-ribbon-2.2.7.RELEASE.jar;D:\leadnews_maven\respository_new\org\springframework\cloud\spring-cloud-netflix-ribbon\2.2.7.RELEASE\spring-cloud-netflix-ribbon-2.2.7.RELEASE.jar;D:\leadnews_maven\respository_new\org\springframework\cloud\spring-cloud-netflix-archaius\2.2.7.RELEASE\spring-cloud-netflix-archaius-2.2.7.RELEASE.jar;D:\leadnews_maven\respository_new\org\springframework\cloud\spring-cloud-starter-netflix-archaius\2.2.7.RELEASE\spring-cloud-starter-netflix-archaius-2.2.7.RELEASE.jar;D:\leadnews_maven\respository_new\com\netflix\archaius\archaius-core\0.7.7\archaius-core-0.7.7.jar;D:\leadnews_maven\respository_new\commons-configuration\commons-configuration\1.8\commons-configuration-1.8.jar;D:\leadnews_maven\respository_new\com\netflix\ribbon\ribbon\2.3.0\ribbon-2.3.0.jar;D:\leadnews_maven\respository_new\com\netflix\ribbon\ribbon-transport\2.3.0\ribbon-transport-2.3.0.jar;D:\leadnews_maven\respository_new\io\reactivex\rxnetty-contexts\0.4.9\rxnetty-contexts-0.4.9.jar;D:\leadnews_maven\respository_new\io\reactivex\rxnetty-servo\0.4.9\rxnetty-servo-0.4.9.jar;D:\leadnews_maven\respository_new\com\netflix\hystrix\hystrix-core\1.5.18\hystrix-core-1.5.18.jar;D:\leadnews_maven\respository_new\org\hdrhistogram\HdrHistogram\2.1.9\HdrHistogram-2.1.9.jar;D:\leadnews_maven\respository_new\javax\inject\javax.inject\1\javax.inject-1.jar;D:\leadnews_maven\respository_new\io\reactivex\rxnetty\0.4.9\rxnetty-0.4.9.jar;D:\leadnews_maven\respository_new\com\netflix\ribbon\ribbon-core\2.3.0\ribbon-core-2.3.0.jar;D:\leadnews_maven\respository_new\commons-lang\commons-lang\2.6\commons-lang-2.6.jar;D:\leadnews_maven\respository_new\com\netflix\ribbon\ribbon-httpclient\2.3.0\ribbon-httpclient-2.3.0.jar;D:\leadnews_maven\respository_new\commons-collections\commons-collections\3.2.2\commons-collections-3.2.2.jar;D:\leadnews_maven\respository_new\org\apache\httpcomponents\httpclient\4.5.13\httpclient-4.5.13.jar;D:\leadnews_maven\respository_new\com\sun\jersey\jersey-client\1.19.1\jersey-client-1.19.1.jar;D:\leadnews_maven\respository_new\com\sun\jersey\jersey-core\1.19.1\jersey-core-1.19.1.jar;D:\leadnews_maven\respository_new\javax\ws\rs\jsr311-api\1.1.1\jsr311-api-1.1.1.jar;D:\leadnews_maven\respository_new\com\sun\jersey\contribs\jersey-apache-client4\1.19.1\jersey-apache-client4-1.19.1.jar;D:\leadnews_maven\respository_new\com\netflix\servo\servo-core\0.12.21\servo-core-0.12.21.jar;D:\leadnews_maven\respository_new\com\netflix\netflix-commons\netflix-commons-util\0.3.0\netflix-commons-util-0.3.0.jar;D:\leadnews_maven\respository_new\com\netflix\ribbon\ribbon-loadbalancer\2.3.0\ribbon-loadbalancer-2.3.0.jar;D:\leadnews_maven\respository_new\com\netflix\netflix-commons\netflix-statistics\0.1.1\netflix-statistics-0.1.1.jar;D:\leadnews_maven\respository_new\io\reactivex\rxjava\1.3.8\rxjava-1.3.8.jar;D:\leadnews_maven\respository_new\com\alibaba\cloud\spring-cloud-starter-alibaba-nacos-config\2.2.5.RELEASE\spring-cloud-starter-alibaba-nacos-config-2.2.5.RELEASE.jar;D:\leadnews_maven\respository_new\io\jsonwebtoken\jjwt\0.9.1\jjwt-0.9.1.jar;D:\leadnews_maven\respository_new\com\fasterxml\jackson\core\jackson-databind\2.11.4\jackson-databind-2.11.4.jar;D:\leadnews_maven\respository_new\com\fasterxml\jackson\core\jackson-annotations\2.11.4\jackson-annotations-2.11.4.jar;D:\leadnews_maven\respository_new\org\springframework\boot\spring-boot-starter-log4j2\2.3.9.RELEASE\spring-boot-starter-log4j2-2.3.9.RELEASE.jar;D:\leadnews_maven\respository_new\org\apache\logging\log4j\log4j-slf4j-impl\2.13.3\log4j-slf4j-impl-2.13.3.jar;D:\leadnews_maven\respository_new\org\slf4j\slf4j-api\1.7.30\slf4j-api-1.7.30.jar;D:\leadnews_maven\respository_new\org\apache\logging\log4j\log4j-api\2.13.3\log4j-api-2.13.3.jar;D:\leadnews_maven\respository_new\org\apache\logging\log4j\log4j-core\2.13.3\log4j-core-2.13.3.jar;D:\leadnews_maven\respository_new\org\apache\logging\log4j\log4j-jul\2.13.3\log4j-jul-2.13.3.jar;D:\leadnews_maven\respository_new\org\slf4j\jul-to-slf4j\1.7.30\jul-to-slf4j-1.7.30.jar;D:\leadnews_maven\respository_new\org\projectlombok\lombok\1.18.8\lombok-1.18.8.jar;"/>
    <property name="sun.cpu.endian" value="little"/>
    <property name="user.home" value="C:\Users\65780"/>
    <property name="user.language" value="zh"/>
    <property name="java.specification.vendor" value="Oracle Corporation"/>
    <property name="java.home" value="C:\jdk8\jre"/>
    <property name="basedir" value="D:\leadnews\heima-leadnews\heima-leadnews-gateway\leadnews-admin-gateway"/>
    <property name="file.separator" value="\"/>
    <property name="line.separator" value="&#10;"/>
    <property name="java.vm.specification.vendor" value="Oracle Corporation"/>
    <property name="java.specification.name" value="Java Platform API Specification"/>
    <property name="java.awt.graphicsenv" value="sun.awt.Win32GraphicsEnvironment"/>
    <property name="surefire.real.class.path" value="C:\Users\65780\AppData\Local\Temp\surefire6325745582721428475\surefirebooter6228445985416766959.jar"/>
    <property name="sun.boot.class.path" value="C:\jdk8\jre\lib\resources.jar;C:\jdk8\jre\lib\rt.jar;C:\jdk8\jre\lib\jsse.jar;C:\jdk8\jre\lib\jce.jar;C:\jdk8\jre\lib\charsets.jar;C:\jdk8\jre\lib\jfr.jar;C:\jdk8\jre\classes"/>
    <property name="user.script" value=""/>
    <property name="sun.management.compiler" value="HotSpot 64-Bit Tiered Compilers"/>
    <property name="java.runtime.version" value="1.8.0_381-b09"/>
    <property name="user.name" value="65780"/>
    <property name="path.separator" value=";"/>
    <property name="os.version" value="10.0"/>
    <property name="java.endorsed.dirs" value="C:\jdk8\jre\lib\endorsed"/>
    <property name="java.runtime.name" value="Java(TM) SE Runtime Environment"/>
    <property name="file.encoding" value="GBK"/>
    <property name="java.vm.name" value="Java HotSpot(TM) 64-Bit Server VM"/>
    <property name="localRepository" value="D:\leadnews_maven\respository_new"/>
    <property name="java.vendor.url.bug" value="http://bugreport.sun.com/bugreport/"/>
    <property name="java.io.tmpdir" value="C:\Users\65780\AppData\Local\Temp\"/>
    <property name="idea.version" value="2023.2.2"/>
    <property name="java.version" value="1.8.0_381"/>
    <property name="user.dir" value="D:\leadnews\heima-leadnews\heima-leadnews-gateway\leadnews-admin-gateway"/>
    <property name="os.arch" value="amd64"/>
    <property name="java.vm.specification.name" value="Java Virtual Machine Specification"/>
    <property name="java.awt.printerjob" value="sun.awt.windows.WPrinterJob"/>
    <property name="sun.os.patch.level" value=""/>
    <property name="java.library.path" value="C:\jdk8\jre\bin;C:\WINDOWS\Sun\Java\bin;C:\WINDOWS\system32;C:\WINDOWS;D:\vmware\bin\;C:\WINDOWS\system32;C:\WINDOWS;C:\WINDOWS\System32\Wbem;C:\WINDOWS\System32\WindowsPowerShell\v1.0\;C:\WINDOWS\System32\OpenSSH\;C:\jdk8\bin;C:\Program Files\Git\cmd;D:\weixindevelop\微信web开发者工具\dll;D:\bandzip\Bandizip\;D:\maven\maven\apache-maven-3.8.4\bin;C:\Users\65780\AppData\Local\Microsoft\WindowsApps;D:\mysql\mysql-5.7.43-winx64\bin;D:\pycharm\PyCharm Community Edition 2023.2.3\bin;;D:\anaconda\anaconda3;D:\anaconda\anaconda3\Scripts;D:\anaconda\anaconda3\Library\mingw-w64\bin;D:\anaconda\anaconda3\Library\bin;D:\vscode\Microsoft VS Code\bin;."/>
    <property name="java.vm.info" value="mixed mode"/>
    <property name="java.vendor" value="Oracle Corporation"/>
    <property name="java.vm.version" value="25.381-b09"/>
    <property name="java.specification.maintenance.version" value="5"/>
    <property name="java.ext.dirs" value="C:\jdk8\jre\lib\ext;C:\WINDOWS\Sun\Java\lib\ext"/>
    <property name="sun.io.unicode.encoding" value="UnicodeLittle"/>
    <property name="maven.repo.local" value="D:\leadnews_maven\respository_new"/>
    <property name="java.class.version" value="52.0"/>
  </properties>
  <testcase name="testApp" classname="com.heima.AppTest" time="0"/>
</testsuite>